<?xml version="1.0" encoding="UTF-8"?>
<testsuite name="com.study.springboot.Ex19LoginJoinApplicationTests" tests="1" skipped="0" failures="0" errors="0" timestamp="2023-02-08T08:32:26" hostname="DESKTOP-DUK7JFQ" time="0.224">
  <properties/>
  <testcase name="contextLoads()" classname="com.study.springboot.Ex19LoginJoinApplicationTests" time="0.224"/>
  <system-out><![CDATA[17:32:20.810 [Test worker] DEBUG org.springframework.test.context.BootstrapUtils - Instantiating CacheAwareContextLoaderDelegate from class [org.springframework.test.context.cache.DefaultCacheAwareContextLoaderDelegate]
17:32:20.825 [Test worker] DEBUG org.springframework.test.context.BootstrapUtils - Instantiating BootstrapContext using constructor [public org.springframework.test.context.support.DefaultBootstrapContext(java.lang.Class,org.springframework.test.context.CacheAwareContextLoaderDelegate)]
17:32:20.876 [Test worker] DEBUG org.springframework.test.context.BootstrapUtils - Instantiating TestContextBootstrapper for test class [com.study.springboot.Ex19LoginJoinApplicationTests] from class [org.springframework.boot.test.context.SpringBootTestContextBootstrapper]
17:32:20.895 [Test worker] INFO org.springframework.boot.test.context.SpringBootTestContextBootstrapper - Neither @ContextConfiguration nor @ContextHierarchy found for test class [com.study.springboot.Ex19LoginJoinApplicationTests], using SpringBootContextLoader
17:32:20.902 [Test worker] DEBUG org.springframework.test.context.support.AbstractContextLoader - Did not detect default resource location for test class [com.study.springboot.Ex19LoginJoinApplicationTests]: class path resource [com/study/springboot/Ex19LoginJoinApplicationTests-context.xml] does not exist
17:32:20.903 [Test worker] DEBUG org.springframework.test.context.support.AbstractContextLoader - Did not detect default resource location for test class [com.study.springboot.Ex19LoginJoinApplicationTests]: class path resource [com/study/springboot/Ex19LoginJoinApplicationTestsContext.groovy] does not exist
17:32:20.903 [Test worker] INFO org.springframework.test.context.support.AbstractContextLoader - Could not detect default resource locations for test class [com.study.springboot.Ex19LoginJoinApplicationTests]: no resource found for suffixes {-context.xml, Context.groovy}.
17:32:20.904 [Test worker] INFO org.springframework.test.context.support.AnnotationConfigContextLoaderUtils - Could not detect default configuration classes for test class [com.study.springboot.Ex19LoginJoinApplicationTests]: Ex19LoginJoinApplicationTests does not declare any static, non-private, non-final, nested classes annotated with @Configuration.
17:32:20.983 [Test worker] DEBUG org.springframework.test.context.support.ActiveProfilesUtils - Could not find an 'annotation declaring class' for annotation type [org.springframework.test.context.ActiveProfiles] and class [com.study.springboot.Ex19LoginJoinApplicationTests]
17:32:21.083 [Test worker] DEBUG org.springframework.context.annotation.ClassPathScanningCandidateComponentProvider - Identified candidate component class: file [C:\Users\TJOEUN\Desktop\mySohoAdmin\build\classes\java\main\com\study\springboot\Ex19LoginJoinApplication.class]
17:32:21.084 [Test worker] INFO org.springframework.boot.test.context.SpringBootTestContextBootstrapper - Found @SpringBootConfiguration com.study.springboot.Ex19LoginJoinApplication for test class com.study.springboot.Ex19LoginJoinApplicationTests
17:32:21.240 [Test worker] DEBUG org.springframework.boot.test.context.SpringBootTestContextBootstrapper - @TestExecutionListeners is not present for class [com.study.springboot.Ex19LoginJoinApplicationTests]: using defaults.
17:32:21.241 [Test worker] INFO org.springframework.boot.test.context.SpringBootTestContextBootstrapper - Loaded default TestExecutionListener class names from location [META-INF/spring.factories]: [org.springframework.boot.test.autoconfigure.restdocs.RestDocsTestExecutionListener, org.springframework.boot.test.autoconfigure.web.client.MockRestServiceServerResetTestExecutionListener, org.springframework.boot.test.autoconfigure.web.servlet.MockMvcPrintOnlyOnFailureTestExecutionListener, org.springframework.boot.test.autoconfigure.web.servlet.WebDriverTestExecutionListener, org.springframework.boot.test.autoconfigure.webservices.client.MockWebServiceServerTestExecutionListener, org.springframework.boot.test.mock.mockito.MockitoTestExecutionListener, org.springframework.boot.test.mock.mockito.ResetMocksTestExecutionListener, org.springframework.test.context.web.ServletTestExecutionListener, org.springframework.test.context.support.DirtiesContextBeforeModesTestExecutionListener, org.springframework.test.context.event.ApplicationEventsTestExecutionListener, org.springframework.test.context.support.DependencyInjectionTestExecutionListener, org.springframework.test.context.support.DirtiesContextTestExecutionListener, org.springframework.test.context.transaction.TransactionalTestExecutionListener, org.springframework.test.context.jdbc.SqlScriptsTestExecutionListener, org.springframework.test.context.event.EventPublishingTestExecutionListener]
17:32:21.272 [Test worker] INFO org.springframework.boot.test.context.SpringBootTestContextBootstrapper - Using TestExecutionListeners: [org.springframework.test.context.web.ServletTestExecutionListener@611df6e3, org.springframework.test.context.support.DirtiesContextBeforeModesTestExecutionListener@5f2f577, org.springframework.test.context.event.ApplicationEventsTestExecutionListener@6273c5a4, org.springframework.boot.test.mock.mockito.MockitoTestExecutionListener@5d465e4b, org.springframework.boot.test.autoconfigure.SpringBootDependencyInjectionTestExecutionListener@53e211ee, org.springframework.test.context.support.DirtiesContextTestExecutionListener@41a90fa8, org.springframework.test.context.transaction.TransactionalTestExecutionListener@3d8bbcdc, org.springframework.test.context.jdbc.SqlScriptsTestExecutionListener@52500920, org.springframework.test.context.event.EventPublishingTestExecutionListener@117e0fe5, org.springframework.boot.test.autoconfigure.restdocs.RestDocsTestExecutionListener@18a3962d, org.springframework.boot.test.autoconfigure.web.client.MockRestServiceServerResetTestExecutionListener@78aea4b9, org.springframework.boot.test.autoconfigure.web.servlet.MockMvcPrintOnlyOnFailureTestExecutionListener@2a65bb85, org.springframework.boot.test.autoconfigure.web.servlet.WebDriverTestExecutionListener@4b85880b, org.springframework.boot.test.autoconfigure.webservices.client.MockWebServiceServerTestExecutionListener@4f936da8, org.springframework.boot.test.mock.mockito.ResetMocksTestExecutionListener@4215838f]
17:32:21.283 [Test worker] DEBUG org.springframework.test.context.support.AbstractDirtiesContextTestExecutionListener - Before test class: context [DefaultTestContext@5e8f9e2d testClass = Ex19LoginJoinApplicationTests, testInstance = [null], testMethod = [null], testException = [null], mergedContextConfiguration = [WebMergedContextConfiguration@51df223b testClass = Ex19LoginJoinApplicationTests, locations = '{}', classes = '{class com.study.springboot.Ex19LoginJoinApplication}', contextInitializerClasses = '[]', activeProfiles = '{}', propertySourceLocations = '{}', propertySourceProperties = '{org.springframework.boot.test.context.SpringBootTestContextBootstrapper=true}', contextCustomizers = set[org.springframework.boot.test.autoconfigure.actuate.metrics.MetricsExportContextCustomizerFactory$DisableMetricExportContextCustomizer@46dffdc3, org.springframework.boot.test.autoconfigure.properties.PropertyMappingContextCustomizer@0, org.springframework.boot.test.autoconfigure.web.servlet.WebDriverContextCustomizerFactory$Customizer@512535ff, org.springframework.boot.test.context.filter.ExcludeFilterContextCustomizer@3f270e0a, org.springframework.boot.test.json.DuplicateJsonObjectContextCustomizerFactory$DuplicateJsonObjectContextCustomizer@5dcd8c7a, org.springframework.boot.test.mock.mockito.MockitoContextCustomizer@0, org.springframework.boot.test.web.client.TestRestTemplateContextCustomizer@43f82e78, org.springframework.boot.test.context.SpringBootTestArgs@1, org.springframework.boot.test.context.SpringBootTestWebEnvironment@3f6b0be5], resourceBasePath = 'src/main/webapp', contextLoader = 'org.springframework.boot.test.context.SpringBootContextLoader', parent = [null]], attributes = map['org.springframework.test.context.web.ServletTestExecutionListener.activateListener' -> true]], class annotated with @DirtiesContext [false] with mode [null].

  .   ____          _            __ _ _
 /\\ / ___'_ __ _ _(_)_ __  __ _ \ \ \ \
( ( )\___ | '_ | '_| | '_ \/ _` | \ \ \ \
 \\/  ___)| |_)| | | | | || (_| |  ) ) ) )
  '  |____| .__|_| |_|_| |_\__, | / / / /
 =========|_|==============|___/=/_/_/_/
 :: Spring Boot ::                (v2.7.8)

2023-02-08 17:32:21.764  INFO 8664 --- [    Test worker] c.s.s.Ex19LoginJoinApplicationTests      : Starting Ex19LoginJoinApplicationTests using Java 17.0.5 on DESKTOP-DUK7JFQ with PID 8664 (started by TJOEUN in C:\Users\TJOEUN\Desktop\mySohoAdmin)
2023-02-08 17:32:21.766  INFO 8664 --- [    Test worker] c.s.s.Ex19LoginJoinApplicationTests      : No active profile set, falling back to 1 default profile: "default"
2023-02-08 17:32:22.814  INFO 8664 --- [    Test worker] .s.d.r.c.RepositoryConfigurationDelegate : Bootstrapping Spring Data JPA repositories in DEFAULT mode.
2023-02-08 17:32:22.915  INFO 8664 --- [    Test worker] .s.d.r.c.RepositoryConfigurationDelegate : Finished Spring Data repository scanning in 88 ms. Found 5 JPA repository interfaces.
2023-02-08 17:32:23.619  INFO 8664 --- [    Test worker] o.hibernate.jpa.internal.util.LogHelper  : HHH000204: Processing PersistenceUnitInfo [name: default]
2023-02-08 17:32:23.687  INFO 8664 --- [    Test worker] org.hibernate.Version                    : HHH000412: Hibernate ORM core version 5.6.14.Final
2023-02-08 17:32:23.916  INFO 8664 --- [    Test worker] o.hibernate.annotations.common.Version   : HCANN000001: Hibernate Commons Annotations {5.1.2.Final}
2023-02-08 17:32:24.074  INFO 8664 --- [    Test worker] com.zaxxer.hikari.HikariDataSource       : HikariPool-1 - Starting...
2023-02-08 17:32:24.171  INFO 8664 --- [    Test worker] com.zaxxer.hikari.HikariDataSource       : HikariPool-1 - Start completed.
2023-02-08 17:32:24.194  INFO 8664 --- [    Test worker] org.hibernate.dialect.Dialect            : HHH000400: Using dialect: org.hibernate.dialect.MariaDB103Dialect
2023-02-08 17:32:24.970  INFO 8664 --- [    Test worker] o.h.e.t.j.p.i.JtaPlatformInitiator       : HHH000490: Using JtaPlatform implementation: [org.hibernate.engine.transaction.jta.platform.internal.NoJtaPlatform]
2023-02-08 17:32:24.980  INFO 8664 --- [    Test worker] j.LocalContainerEntityManagerFactoryBean : Initialized JPA EntityManagerFactory for persistence unit 'default'
2023-02-08 17:32:25.931  WARN 8664 --- [    Test worker] JpaBaseConfiguration$JpaWebConfiguration : spring.jpa.open-in-view is enabled by default. Therefore, database queries may be performed during view rendering. Explicitly configure spring.jpa.open-in-view to disable this warning
2023-02-08 17:32:26.298  INFO 8664 --- [    Test worker] o.s.b.a.w.s.WelcomePageHandlerMapping    : Adding welcome page template: index
2023-02-08 17:32:26.793  INFO 8664 --- [    Test worker] c.s.s.Ex19LoginJoinApplicationTests      : Started Ex19LoginJoinApplicationTests in 5.437 seconds (JVM running for 7.097)
]]></system-out>
  <system-err><![CDATA[]]></system-err>
</testsuite>
